
loadcore_IMPORTS_start
I_RegisterLibraryEntries
loadcore_IMPORTS_end

intrman_IMPORTS_start
I_CpuSuspendIntr
I_CpuResumeIntr
I_QueryIntrContext
intrman_IMPORTS_end

thbase_IMPORTS_start
I_CreateThread
I_DeleteThread
I_DelayThread
I_ExitDeleteThread
I_StartThread
I_iReleaseWaitThread
I_GetSystemTime
I_USec2SysClock
I_GetThreadId
I_SetAlarm
I_CancelAlarm
I_SysClock2USec
thbase_IMPORTS_end

thsemap_IMPORTS_start
I_CreateSema
I_SignalSema
I_iSignalSema
I_WaitSema
I_PollSema
I_DeleteSema
thsemap_IMPORTS_end

thmsgbx_IMPORTS_start
I_CreateMbx
I_DeleteMbx
I_SendMbx
I_iSendMbx
I_PollMbx
I_ReceiveMbx
thmsgbx_IMPORTS_end

sysclib_IMPORTS_start
I_memset
I_strcpy
I_memcpy
sysclib_IMPORTS_end

sysmem_IMPORTS_start
I_AllocSysMemory
I_FreeSysMemory
sysmem_IMPORTS_end

stdio_IMPORTS_start
I_printf
stdio_IMPORTS_end
