
accore_IMPORTS_start
I_acIntrRegister
I_acIntrRelease
I_acIntrEnable
I_acIntrDisable
accore_IMPORTS_end

sysmem_IMPORTS_start
I_AllocSysMemory
I_FreeSysMemory
I_Kprintf
sysmem_IMPORTS_end

intrman_IMPORTS_start
I_CpuSuspendIntr
I_CpuResumeIntr
intrman_IMPORTS_end

loadcore_IMPORTS_start
I_RegisterLibraryEntries
loadcore_IMPORTS_end

stdio_IMPORTS_start
I_printf
stdio_IMPORTS_end

sysclib_IMPORTS_start
I_strtol
sysclib_IMPORTS_end

thbase_IMPORTS_start
I_iReleaseWaitThread
I_GetThreadId
I_SetAlarm
I_CancelAlarm
I_USec2SysClock
thbase_IMPORTS_end

thevent_IMPORTS_start
I_CreateEventFlag
I_DeleteEventFlag
I_SetEventFlag
I_iSetEventFlag
I_WaitEventFlag
I_PollEventFlag
thevent_IMPORTS_end
