cdvdman_IMPORTS_start
I_sceCdReadClock
cdvdman_IMPORTS_end

iLinkman_IMPORTS_start
I_iLinkEnableSBus
I_iLinkResetSBus
I_iLinkSetNodeCapabilities
I_iLinkSetTrCallbackHandler
I_iLinkGetGenerationNumber
I_iLinkGetLocalNodeID
I_iLinkGetNodeCount
I_iLinkTrAlloc
I_iLinkTrFree
I_iLinkTrWrite
I_iLinkTrRead
I_iLinkGetNodeMaxSpeed
I_iLinkGetNodeTrSpeed
I_iLinkSetNodeTrSpeed
I_iLinkFindUnit
I_iLinkReadCROM
iLinkman_IMPORTS_end

ioman_IMPORTS_start
I_open
I_close
I_read
I_lseek
I_AddDrv
I_DelDrv
ioman_IMPORTS_end

intrman_IMPORTS_start
I_CpuSuspendIntr
I_CpuResumeIntr
intrman_IMPORTS_end

stdio_IMPORTS_start
I_printf
stdio_IMPORTS_end

sysclib_IMPORTS_start
I_memset
I_memcmp
I_memcpy
I_strlen
I_strcpy
I_strncpy
I_strtol
I_strrchr
I_sprintf
sysclib_IMPORTS_end

sysmem_IMPORTS_start
I_AllocSysMemory
I_FreeSysMemory
I_Kprintf
sysmem_IMPORTS_end

thbase_IMPORTS_start
I_CreateThread
I_StartThread
I_DelayThread
I_GetSystemTime
I_SysClock2USec
I_USec2SysClock
I_SetAlarm
I_CancelAlarm
I_TerminateThread
I_DeleteThread
thbase_IMPORTS_end

thevent_IMPORTS_start
I_CreateEventFlag
I_ClearEventFlag
I_SetEventFlag
I_iSetEventFlag
I_WaitEventFlag
I_DeleteEventFlag
thevent_IMPORTS_end

thsemap_IMPORTS_start
I_CreateSema
I_DeleteSema
I_WaitSema
I_SignalSema
thsemap_IMPORTS_end
