
sysmem_IMPORTS_start
I_AllocSysMemory
I_FreeSysMemory
I_Kprintf
sysmem_IMPORTS_end

loadcore_IMPORTS_start
I_RegisterLibraryEntries
loadcore_IMPORTS_end

intrman_IMPORTS_start
I_CpuSuspendIntr
I_CpuResumeIntr
intrman_IMPORTS_end

stdio_IMPORTS_start
I_printf
stdio_IMPORTS_end

sifcmd_IMPORTS_start
I_sceSifGetSreg
I_sceSifAddCmdHandler
I_sceSifSendCmd
I_isceSifSendCmd
sifcmd_IMPORTS_end

sifman_IMPORTS_start
I_sceSifSetDma
sifman_IMPORTS_end

thbase_IMPORTS_start
I_CreateThread
I_DeleteThread
I_StartThread
I_TerminateThread
I_ChangeThreadPriority
I_GetThreadId
I_ReferThreadStatus
I_SleepThread
I_iWakeupThread
I_DelayThread
I_iSetAlarm
thbase_IMPORTS_end

thmsgbx_IMPORTS_start
I_CreateMbx
I_DeleteMbx
I_iSendMbx
I_ReceiveMbx
thmsgbx_IMPORTS_end
