
sysmem_IMPORTS_start
I_GetSysmemInternalData
I_AllocSysMemory
I_FreeSysMemory
I_QueryMemSize
I_QueryBlockTopAddress
I_Kprintf
sysmem_IMPORTS_end

xloadcore_IMPORTS_start
I_GetLoadcoreInternalData
I_FlushIcache
I_RegisterLibraryEntries
I_LinkLibraryEntries
I_UnLinkLibraryEntries
I_QueryBootMode
I_RegisterModule
I_ReleaseModule
I_AddRebootNotifyHandler
I_SetCacheCtrl
I_ProbeExecutableObject
I_LoadExecutableObject
I_SearchModuleCBByAddr
I_ApplyElfRelSection
I_CopyModInfo
xloadcore_IMPORTS_end

sysclib_IMPORTS_start
I_memcpy
I_memset
I_strcmp
I_strcpy
I_strlen
I_strncpy
sysclib_IMPORTS_end

stdio_IMPORTS_start
I_printf
stdio_IMPORTS_end

ioman_IMPORTS_start
I_open
I_close
I_read
I_lseek
ioman_IMPORTS_end

intrman_IMPORTS_start
I_CpuSuspendIntr
I_CpuResumeIntr
I_QueryIntrContext
intrman_IMPORTS_end

thbase_IMPORTS_start
I_CreateThread
I_DeleteThread
I_StartThread
I_TerminateThread
I_ChangeThreadPriority
I_GetThreadId
I_CheckThreadStack
I_SleepThread
thbase_IMPORTS_end

thevent_IMPORTS_start
I_CreateEventFlag
I_SetEventFlag
I_WaitEventFlag
thevent_IMPORTS_end

thsemap_IMPORTS_start
I_CreateSema
I_SignalSema
I_WaitSema
thsemap_IMPORTS_end
