
acjv_IMPORTS_start
I_acJvRead
I_acJvWrite
acjv_IMPORTS_end

acmem_IMPORTS_start
I_acMemSetup
I_acMemSend
I_acMemReceive
I_acMemWait
acmem_IMPORTS_end

acram_IMPORTS_start
I_acRamSetup
I_acRamRead
I_acRamWrite
acram_IMPORTS_end

acsram_IMPORTS_start
I_acSramRead
I_acSramWrite
acsram_IMPORTS_end

sysmem_IMPORTS_start
I_AllocSysMemory
I_FreeSysMemory
sysmem_IMPORTS_end

loadcore_IMPORTS_start
I_RegisterLibraryEntries
loadcore_IMPORTS_end

sifcmd_IMPORTS_start
I_sceSifRegisterRpc
I_sceSifSetRpcQueue
I_sceSifGetNextRequest
I_sceSifExecRequest
sifcmd_IMPORTS_end

stdio_IMPORTS_start
I_printf
stdio_IMPORTS_end

sysclib_IMPORTS_start
I_memset
I_strtol
sysclib_IMPORTS_end

thbase_IMPORTS_start
I_CreateThread
I_DeleteThread
I_StartThread
I_ExitThread
I_GetThreadId
I_SleepThread
I_WakeupThread
I_DelayThread
thbase_IMPORTS_end
