
accore_IMPORTS_start
I_acDmaSetup
I_acDmaRequest
I_acDmaCancel
I_acIntrRegister
I_acIntrRelease
I_acIntrEnable
I_acIntrDisable
accore_IMPORTS_end

actimer_IMPORTS_start
I_acTimerAdd
I_acTimerRemove
actimer_IMPORTS_end

sysmem_IMPORTS_start
I_Kprintf
sysmem_IMPORTS_end

intrman_IMPORTS_start
I_CpuSuspendIntr
I_CpuResumeIntr
intrman_IMPORTS_end

loadcore_IMPORTS_start
I_RegisterLibraryEntries
loadcore_IMPORTS_end

stdio_IMPORTS_start
I_printf
stdio_IMPORTS_end

sysclib_IMPORTS_start
I_strtol
sysclib_IMPORTS_end

thbase_IMPORTS_start
I_CreateThread
I_DeleteThread
I_StartThread
I_ExitThread
I_ChangeThreadPriority
I_iReleaseWaitThread
I_GetThreadId
I_SleepThread
I_WakeupThread
I_iWakeupThread
I_CancelWakeupThread
I_DelayThread
thbase_IMPORTS_end
