
sysmem_IMPORTS_start
I_Kprintf
sysmem_IMPORTS_end

loadcore_IMPORTS_start
I_RegisterLibraryEntries
loadcore_IMPORTS_end

intrman_IMPORTS_start
I_CpuSuspendIntr
I_CpuResumeIntr
I_QueryIntrContext
intrman_IMPORTS_end

stdio_IMPORTS_start
I_printf
stdio_IMPORTS_end

dmacman_IMPORTS_start
I_dmac_ch_set_madr
I_dmac_ch_get_madr
I_dmac_ch_set_bcr
I_dmac_ch_get_bcr
I_dmac_ch_set_chcr
I_dmac_ch_get_chcr
dmacman_IMPORTS_end

thbase_IMPORTS_start
I_DelayThread
I_SetAlarm
I_CancelAlarm
I_USec2SysClock
thbase_IMPORTS_end

thevent_IMPORTS_start
I_CreateEventFlag
I_DeleteEventFlag
I_SetEventFlag
I_iSetEventFlag
I_ClearEventFlag
I_WaitEventFlag
I_PollEventFlag
I_ReferEventFlagStatus
I_iReferEventFlagStatus
thevent_IMPORTS_end

thsemap_IMPORTS_start
I_CreateSema
I_SignalSema
I_WaitSema
thsemap_IMPORTS_end

sysclib_IMPORTS_start
I_look_ctype_table
I_memcpy
I_memset
I_strncmp
sysclib_IMPORTS_end

iomanX_IMPORTS_start
I_AddDrv
I_DelDrv
iomanX_IMPORTS_end

cdvdman_IMPORTS_start
I_sceCdSC
I_sceCdChgSys
I_sceCdBuzzerCtl
I_cdvdman_167_atapi2dragon
I_cdvdman_169_dragon2atapi
I_sceCdSetAtapiEjectCallback
I_sceCdSetMediumRemoval
I_sceCdGetMediumRemoval
cdvdman_IMPORTS_end
