loadcore_IMPORTS_start
I_FlushIcache
I_FlushDcache
loadcore_IMPORTS_end

sysmem_IMPORTS_start
I_Kprintf
I_Kprintf_set
sysmem_IMPORTS_end

stdio_IMPORTS_start
I_printf
stdio_IMPORTS_end

sysclib_IMPORTS_start
I_prnt
I_setjmp
I_strcmp
I_strncmp
I_strcpy
I_memcpy
I_strlen
I_memcmp
sysclib_IMPORTS_end

ioman_IMPORTS_start
I_open
I_read
I_close
I_AddDrv
I_DelDrv
ioman_IMPORTS_end

excepman_IMPORTS_start
I_RegisterDefaultExceptionHandler
I_RegisterPriorityExceptionHandler
excepman_IMPORTS_end

intrman_IMPORTS_start
I_CpuSuspendIntr
I_CpuResumeIntr
intrman_IMPORTS_end

sbus_IMPORTS_start
I_SIF2_send_cmd
I_SIF2_set_cmd_handler
I_SBUS_check_intr
sbus_IMPORTS_end

thbase_IMPORTS_start
I_GetThreadId
I_CreateThread
I_StartThread
I_SleepThread
I_iWakeupThread
thbase_IMPORTS_end

iopdebug_IMPORTS_start
I_iop_dbg_set_handler
I_iop_dbg_get_reg_frames
iopdebug_IMPORTS_end

