
heaplib_IMPORTS_start
I_CreateHeap
I_DeleteHeap
I_AllocHeapMemory
I_FreeHeapMemory
heaplib_IMPORTS_end

loadcore_IMPORTS_start
I_RegisterLibraryEntries
I_ReleaseLibraryEntries
loadcore_IMPORTS_end

thbase_IMPORTS_start
I_DelayThread
thbase_IMPORTS_end

thsemap_IMPORTS_start
I_CreateSema
I_DeleteSema
I_SignalSema
I_WaitSema
thsemap_IMPORTS_end

sysclib_IMPORTS_start
I_look_ctype_table
I_memcpy
I_memset
I_sprintf
I_strcat
I_strchr
I_strcmp
I_strcpy
I_index
I_strlen
I_strncmp
I_strtol
sysclib_IMPORTS_end

iomanX_IMPORTS_start
I_iomanX_open
I_iomanX_close
I_iomanX_read
I_iomanX_write
I_iomanX_lseek
I_iomanX_remove
I_iomanX_mkdir
I_iomanX_rmdir
I_iomanX_dopen
I_iomanX_dclose
I_iomanX_dread
I_iomanX_getstat
I_iomanX_chstat
I_iomanX_rename
I_iomanX_sync
I_iomanX_devctl
iomanX_IMPORTS_end

stdio_IMPORTS_start
I_printf
stdio_IMPORTS_end

cdvdman_IMPORTS_start
I_sceCdRI
cdvdman_IMPORTS_end
