bdm_IMPORTS_start
I_bdm_connect_fs
I_bdm_disconnect_fs
bdm_IMPORTS_end

cdvdman_IMPORTS_start
I_sceCdReadClock
cdvdman_IMPORTS_end

intrman_IMPORTS_start
I_CpuSuspendIntr
I_CpuResumeIntr
intrman_IMPORTS_end

ioman_IMPORTS_start
I_AddDrv
I_DelDrv
ioman_IMPORTS_end

stdio_IMPORTS_start
I_printf
stdio_IMPORTS_end

sysclib_IMPORTS_start
I_toupper
I_memset
I_memcmp
I_memcpy
I_strlen
I_strcmp
I_strcpy
I_strncpy
I_strtol
I_strchr
I_strrchr
I_sprintf
sysclib_IMPORTS_end

sysmem_IMPORTS_start
I_AllocSysMemory
I_FreeSysMemory
sysmem_IMPORTS_end

thsemap_IMPORTS_start
I_CreateSema
I_SignalSema
I_WaitSema
I_DeleteSema
thsemap_IMPORTS_end
