
iomanX_IMPORTS_start
I_iomanX_AddDrv
I_iomanX_DelDrv
I_iomanX_open
I_iomanX_close
I_iomanX_read
I_iomanX_lseek
I_iomanX_devctl
iomanX_IMPORTS_end

pvrdrv_IMPORTS_start
I_DvrdrvExecCmdAck
I_DvrdrvExecCmdAckComp
I_DvrdrvExecCmdAckDmaSendComp
pvrdrv_IMPORTS_end

stdio_IMPORTS_start
I_printf
stdio_IMPORTS_end

sysclib_IMPORTS_start
I_memcmp
sysclib_IMPORTS_end

thbase_IMPORTS_start
I_DelayThread
thbase_IMPORTS_end

thsemap_IMPORTS_start
I_CreateSema
I_DeleteSema
I_SignalSema
I_WaitSema
thsemap_IMPORTS_end
