dev9_IMPORTS_start
I_dev9Shutdown
dev9_IMPORTS_end

atad_IMPORTS_start
I_ata_get_devinfo
I_ata_device_sector_io
I_ata_device_sce_sec_unlock
atad_IMPORTS_end

cdvdman_IMPORTS_start
I_sceCdRI
cdvdman_IMPORTS_end

intrman_IMPORTS_start
I_CpuSuspendIntr
I_CpuResumeIntr
I_CpuEnableIntr
intrman_IMPORTS_end

loadcore_IMPORTS_start
I_FlushDcache
loadcore_IMPORTS_end

sifman_IMPORTS_start
I_sceSifSetDma
I_sceSifDmaStat
sifman_IMPORTS_end

stdio_IMPORTS_start
I_printf
stdio_IMPORTS_end

sysclib_IMPORTS_start
I_strcmp
I_strtol
sysclib_IMPORTS_end

secrman_IMPORTS_start
I_SecrDiskBootFile
secrman_IMPORTS_end

sysmem_IMPORTS_start
I_AllocSysMemory
I_FreeSysMemory
sysmem_IMPORTS_end

thbase_IMPORTS_start
I_SleepThread
I_CreateThread
I_StartThread
thbase_IMPORTS_end
