cdvdman_IMPORTS_start
I_sceCdInit
I_sceCdGetError
I_sceCdRead
I_sceCdReadDVDV
I_sceCdStop
I_sceCdSync
I_sceCdDiskReady
I_sceCdGetDiskType
I_sceCdTrayReq
cdvdman_IMPORTS_end

ioman_IMPORTS_start
I_AddDrv
I_DelDrv
ioman_IMPORTS_end

sysclib_IMPORTS_start
I_tolower
I_strcpy
I_strncpy
I_strncmp
I_strtok
I_strrchr
I_strcat
I_strlen
I_memset
I_memcmp
I_memcpy
I_memmove
sysclib_IMPORTS_end

stdio_IMPORTS_start
I_printf
I_sprintf
stdio_IMPORTS_end

sysmem_IMPORTS_start
I_AllocSysMemory
I_FreeSysMemory
sysmem_IMPORTS_end
