
sysmem_IMPORTS_start
I_AllocSysMemory
I_FreeSysMemory
sysmem_IMPORTS_end

loadcore_IMPORTS_start
I_FlushDcache
I_QueryBootMode
loadcore_IMPORTS_end

intrman_IMPORTS_start
I_CpuDisableIntr
I_CpuEnableIntr
I_CpuSuspendIntr
I_CpuResumeIntr
intrman_IMPORTS_end

sysclib_IMPORTS_start
I_memcpy
I_strcmp
I_strncmp
sysclib_IMPORTS_end

stdio_IMPORTS_start
I_printf
stdio_IMPORTS_end

ioman_IMPORTS_start
I_open
I_close
I_read
I_lseek
I_ioctl
ioman_IMPORTS_end

sifman_IMPORTS_start
I_sceSifSetDma
I_sceSifDmaStat
sifman_IMPORTS_end

sifcmd_IMPORTS_start
I_sceSifInitRpc
I_sceSifRegisterRpc
I_sceSifSetRpcQueue
I_sceSifRpcLoop
sifcmd_IMPORTS_end

modload_IMPORTS_start
I_LoadStartModule
I_StartModule
I_LoadModuleBuffer
I_LoadStartKelfModule
I_GetLoadfileCallbacks
I_IsIllegalBootDevice
modload_IMPORTS_end

thbase_IMPORTS_start
I_CreateThread
I_StartThread
I_GetThreadId
thbase_IMPORTS_end
