
sysmem_IMPORTS_start
I_Kprintf
sysmem_IMPORTS_end

loadcore_IMPORTS_start
I_RegisterLibraryEntries
I_ReleaseLibraryEntries
I_QueryLibraryEntryTable
I_QueryBootMode
loadcore_IMPORTS_end

intrman_IMPORTS_start
I_DisableIntr
I_CpuSuspendIntr
I_CpuResumeIntr
I_QueryIntrContext
intrman_IMPORTS_end

stdio_IMPORTS_start
I_printf
stdio_IMPORTS_end

dmacman_IMPORTS_start
I_dmac_ch_set_madr
I_dmac_ch_set_bcr
I_dmac_ch_set_chcr
I_dmac_ch_get_chcr
dmacman_IMPORTS_end

thbase_IMPORTS_start
I_CreateThread
I_DeleteThread
I_StartThread
I_ExitDeleteThread
I_TerminateThread
I_ChangeThreadPriority
I_GetThreadId
I_ReferThreadStatus
I_DelayThread
I_SetAlarm
I_CancelAlarm
thbase_IMPORTS_end

thevent_IMPORTS_start
I_iSetEventFlag
I_ClearEventFlag
I_WaitEventFlag
thevent_IMPORTS_end

sifcmd_IMPORTS_start
I_sceSifSendCmd
I_sceSifInitRpc
I_sceSifRegisterRpc
I_sceSifSetRpcQueue
I_sceSifRpcLoop
I_sceSifRemoveRpc
I_sceSifRemoveRpcQueue
sifcmd_IMPORTS_end

sifman_IMPORTS_start
I_sceSifInit
I_sceSifSetDma
I_sceSifDmaStat
I_sceSifCheckInit
sifman_IMPORTS_end

sysclib_IMPORTS_start
I_memcpy
I_strncmp
I_strtol
sysclib_IMPORTS_end

iomanX_IMPORTS_start
I_devctl
iomanX_IMPORTS_end

cdvdman_IMPORTS_start
I_sceCdInit
I_sceCdStandby
I_sceCdSeek
I_sceCdGetError
I_sceCdGetToc
I_sceCdSearchFile
I_sceCdSync
I_sceCdGetDiskType
I_sceCdDiskReady
I_sceCdTrayReq
I_sceCdStop
I_sceCdPosToInt
I_sceCdRI
I_sceCdReadClock
I_sceCdStatus
I_sceCdApplySCmd
I_sceCdPause
I_sceCdBreak
I_sceCdReadCDDA
I_sceCdGetReadPos
I_sceCdCtrlADout
I_sceGetFsvRbuf
I_sceCdSC
I_sceCdApplyNCmd
I_sceCdRead0
I_sceCdRV
I_sceCdRM
I_sceCdPowerOff
I_sceCdMmode
I_sceCdReadDiskID
I_sceCdReadGUID
I_sceCdSetTimeout
I_sceCdReadModelID
I_sceCdReadDvdDualInfo
I_sceCdLayerSearchFile
I_sceCdRE
I_sceCdDoesUniqueKeyExist
cdvdman_IMPORTS_end
