
sysmem_IMPORTS_start
I_AllocSysMemory
I_FreeSysMemory
I_Kprintf
sysmem_IMPORTS_end

intrman_IMPORTS_start
I_CpuSuspendIntr
I_CpuResumeIntr
intrman_IMPORTS_end

ioman_IMPORTS_start
I_AddDrv
I_DelDrv
ioman_IMPORTS_end

sifcmd_IMPORTS_start
I_sceSifSendCmd
I_isceSifSendCmd
I_sceSifInitRpc
I_sceSifRegisterRpc
I_sceSifSetRpcQueue
I_sceSifRpcLoop
sifcmd_IMPORTS_end

sifman_IMPORTS_start
I_sceSifDmaStat
sifman_IMPORTS_end

sysclib_IMPORTS_start
I_memcpy
I_memset
I_strcmp
I_vsprintf
sysclib_IMPORTS_end

thbase_IMPORTS_start
I_CreateThread
I_StartThread
I_GetThreadId
I_SetAlarm
I_USec2SysClock
thbase_IMPORTS_end

thsemap_IMPORTS_start
I_CreateSema
I_SignalSema
I_WaitSema
thsemap_IMPORTS_end

timrman_IMPORTS_start
I_AllocHardTimer
I_FreeHardTimer
I_GetTimerCounter
timrman_IMPORTS_end

acdev_IMPORTS_start
I_SetAcMemDelayReg
I_SetAcIoDelayReg
acdev_IMPORTS_end
