
cdvdman_IMPORTS_start
I_sceCdReadClock
cdvdman_IMPORTS_end

thbase_IMPORTS_start
I_DelayThread
I_SetAlarm
I_CancelAlarm
I_USec2SysClock
I_CreateThread
I_SleepThread
I_StartThread
thbase_IMPORTS_end

thevent_IMPORTS_start
I_CreateEventFlag
I_iSetEventFlag
I_ClearEventFlag
I_WaitEventFlag
thevent_IMPORTS_end

stdio_IMPORTS_start
I_printf
stdio_IMPORTS_end

sysclib_IMPORTS_start
I_memcpy
I_memset
I_strncpy
I_sprintf
I_strlen
I_strcpy
I_memcmp
I_strncmp
I_strrchr
I_strcmp
I_strtol
I_strchr
I_look_ctype_table
sysclib_IMPORTS_end


sysmem_IMPORTS_start
I_AllocSysMemory
I_QueryBlockSize
I_FreeSysMemory
sysmem_IMPORTS_end

iomanX_IMPORTS_start
I_format
I_open
I_close
I_read
I_write
I_lseek
I_ioctl
I_ioctl2
I_remove
I_mkdir
I_rmdir
I_dopen
I_dclose
I_dread
I_getstat
I_chstat
I_rename
I_chdir
I_sync
I_mount
I_umount
I_lseek64
I_devctl
I_AddDrv
I_DelDrv
I_symlink
I_readlink
iomanX_IMPORTS_end

thsemap_IMPORTS_start
I_CreateSema
I_DeleteSema
I_SignalSema
I_WaitSema
thsemap_IMPORTS_end

intrman_IMPORTS_start
I_CpuSuspendIntr
I_CpuResumeIntr
intrman_IMPORTS_end
