
intrman_IMPORTS_start
I_CpuSuspendIntr
I_CpuResumeIntr
intrman_IMPORTS_end

sysmem_IMPORTS_start
I_Kprintf
sysmem_IMPORTS_end

stdio_IMPORTS_start
I_printf
stdio_IMPORTS_end

loadcore_IMPORTS_start
I_GetLoadcoreInternalData
I_RegisterLibraryEntries
I_QueryLibraryEntryTable
I_FlushDcache
I_FlushIcache
I_QueryBootMode
loadcore_IMPORTS_end

sysclib_IMPORTS_start
I_memset
I_memcmp
I_memcpy
I_strcmp
I_index
I_strlen
I_strncpy
I_strtol
sysclib_IMPORTS_end

thbase_IMPORTS_start
I_ReferThreadStatus
I_ChangeThreadPriority
thbase_IMPORTS_end
