
stdio_IMPORTS_start
I_printf
stdio_IMPORTS_end

sysclib_IMPORTS_start
I_memset
I_memcmp
I_memcpy
I_strlen
I_strcmp
I_strcpy
I_strncpy
I_strncmp
sysclib_IMPORTS_end

thsemap_IMPORTS_start
I_CreateSema
I_SignalSema
I_iSignalSema
I_WaitSema
I_DeleteSema
thsemap_IMPORTS_end

thbase_IMPORTS_start
I_CreateThread 
I_StartThread 
I_SleepThread 
I_GetThreadId 
I_ExitDeleteThread
I_DelayThread 
thbase_IMPORTS_end


ioman_mod_IMPORTS_start
I_io_open
I_io_close
I_io_read
I_io_write
I_io_lseek
I_io_dopen
I_io_dclose
I_io_dread
I_io_ioctl
I_io_remove
I_io_mkdir
I_io_rmdir
ioman_mod_IMPORTS_end

iomanX_IMPORTS_start
I_format
I_open
I_close
I_read
I_write
I_lseek
I_ioctl
I_ioctl2
I_remove
I_mkdir
I_rmdir
I_dopen
I_dclose
I_dread
I_getstat
I_chstat
I_rename
I_chdir
I_sync
I_mount
I_umount
I_lseek64
I_devctl
I_AddDrv
I_DelDrv
I_symlink
I_readlink
iomanX_IMPORTS_end

ps2ip_IMPORTS_start
I_lwip_send
I_lwip_socket
I_lwip_listen
I_lwip_recv
I_lwip_close
I_lwip_bind
I_lwip_accept
ps2ip_IMPORTS_end


