
#include "ioman_mod.h"

sysclib_IMPORTS_start
I_strncpy
I_strcpy
I_strcat
sysclib_IMPORTS_end

stdio_IMPORTS_start
I_printf
stdio_IMPORTS_end

thbase_IMPORTS_start
I_CreateThread 
I_StartThread 
I_SleepThread 
I_GetThreadId 
I_DeleteThread
I_ExitDeleteThread
thbase_IMPORTS_end

iomanX_IMPORTS_start
I_open
I_close
I_read
I_write
I_lseek
I_AddDrv
I_DelDrv
iomanX_IMPORTS_end

ioman_mod_IMPORTS_start
I_io_AddDrv
I_io_DelDrv
I_io_open
I_io_close
ioman_mod_IMPORTS_end

sifcmd_IMPORTS_start
I_sceSifInitRpc 
I_sceSifSetRpcQueue 
I_sceSifRegisterRpc 
I_sceSifRpcLoop 
sifcmd_IMPORTS_end
