
sysmem_IMPORTS_start
I_AllocSysMemory
I_FreeSysMemory
I_Kprintf
sysmem_IMPORTS_end

loadcore_IMPORTS_start
I_RegisterLibraryEntries
I_QueryBootMode
// I_SetRebootTimeLibraryHandlingMode
loadcore_IMPORTS_end

intrman_IMPORTS_start
I_RegisterIntrHandler
I_ReleaseIntrHandler
I_EnableIntr
I_DisableIntr
I_CpuSuspendIntr
I_CpuResumeIntr
I_QueryIntrContext
intrman_IMPORTS_end

stdio_IMPORTS_start
I_printf
stdio_IMPORTS_end

dmacman_IMPORTS_start
I_dmac_ch_set_madr
I_dmac_ch_get_madr
I_dmac_ch_set_bcr
I_dmac_ch_set_chcr
I_dmac_ch_get_chcr
I_dmac_set_dpcr
I_dmac_get_dpcr
dmacman_IMPORTS_end

thbase_IMPORTS_start
I_GetThreadId
I_DelayThread
I_GetSystemTime
I_SetAlarm
I_iSetAlarm
I_CancelAlarm
I_iCancelAlarm
thbase_IMPORTS_end

thevent_IMPORTS_start
I_CreateEventFlag
I_DeleteEventFlag
I_SetEventFlag
I_iSetEventFlag
I_ClearEventFlag
I_iClearEventFlag
I_WaitEventFlag
I_PollEventFlag
I_ReferEventFlagStatus
I_iReferEventFlagStatus
thevent_IMPORTS_end

thsemap_IMPORTS_start
I_SignalSema
I_iSignalSema
thsemap_IMPORTS_end

sysclib_IMPORTS_start
I_memcpy
I_memset
I_sprintf
I_strcat
I_strcmp
I_strcpy
I_strlen
I_strncmp
I_strncpy
I_strtol
sysclib_IMPORTS_end

iomanX_IMPORTS_start
I_open
I_close
I_read
I_write
I_lseek
I_remove
I_AddDrv
I_DelDrv
I_devctl
I_ioctl2
iomanX_IMPORTS_end
