
sysmem_IMPORTS_start
I_AllocSysMemory
I_FreeSysMemory
I_Kprintf
sysmem_IMPORTS_end

loadcore_IMPORTS_start
I_FlushDcache
I_QueryBootMode
loadcore_IMPORTS_end

intrman_IMPORTS_start
I_CpuEnableIntr
I_CpuSuspendIntr
I_CpuResumeIntr
intrman_IMPORTS_end

sifman_IMPORTS_start
I_sceSifInit
I_sceSifSetDma
I_sceSifDmaStat
I_sceSifCheckInit
sifman_IMPORTS_end

thbase_IMPORTS_start
I_CreateThread
I_StartThread
I_GetThreadId
thbase_IMPORTS_end

sifcmd_IMPORTS_start
I_sceSifInitRpc
I_sceSifRegisterRpc
I_sceSifSetRpcQueue
I_sceSifRpcLoop
I_sceSifGetOtherData
sifcmd_IMPORTS_end

stdio_IMPORTS_start
I_printf
stdio_IMPORTS_end

ioman_mod_IMPORTS_start
I_io_open
I_io_close
I_io_read
I_io_write
I_io_lseek
I_io_ioctl
I_io_remove
I_io_mkdir
I_io_rmdir
I_io_dopen
I_io_dclose
I_io_dread
I_io_getstat
I_io_chstat
I_io_format
I_io_AddDrv
I_io_DelDrv
ioman_mod_IMPORTS_end
