loadcore_IMPORTS_start
I_RegisterLibraryEntries
loadcore_IMPORTS_end

secrman_IMPORTS_start
I_SecrDownloadHeader
I_SecrDownloadBlock
I_SecrDownloadGetKbit
I_SecrDownloadGetKc
I_SecrDownloadGetICVPS2
I_SecrDiskBootHeader
I_SecrDiskBootBlock
secrman_IMPORTS_end

sifcmd_IMPORTS_start
I_sceSifInitRpc
I_sceSifSetRpcQueue
I_sceSifRegisterRpc
I_sceSifRpcLoop
sifcmd_IMPORTS_end

sifman_IMPORTS_start
I_sceSifCheckInit
I_sceSifInit
sifman_IMPORTS_end

stdio_IMPORTS_start
I_printf
stdio_IMPORTS_end

thbase_IMPORTS_start
I_CreateThread
I_StartThread
I_GetThreadId
thbase_IMPORTS_end
