
modem_IMPORTS_start
I_sceModemRegisterDevice
I_sceModemUnregisterDevice
modem_IMPORTS_end

dev9_IMPORTS_start
I_SpdRegisterIntrHandler
I_SpdIntrEnable
I_SpdIntrDisable
I_Dev9RegisterPowerOffHandler
dev9_IMPORTS_end

intrman_IMPORTS_start
I_CpuSuspendIntr
I_CpuResumeIntr
intrman_IMPORTS_end

loadcore_IMPORTS_start
I_RegisterLibraryEntries
I_ReleaseLibraryEntries
loadcore_IMPORTS_end

stdio_IMPORTS_start
I_printf
stdio_IMPORTS_end

sysclib_IMPORTS_start
I_look_ctype_table
I_bcopy
I_bzero
I_sprintf
I_strcmp
I_strcpy
I_strlen
I_strncmp
I_strtol
I_memset
sysclib_IMPORTS_end

thbase_IMPORTS_start
I_CreateThread
I_DeleteThread
I_StartThread
I_TerminateThread
I_ChangeThreadPriority
I_SleepThread
I_DelayThread
I_SetAlarm
I_CancelAlarm
I_USec2SysClock
thbase_IMPORTS_end

thevent_IMPORTS_start
I_CreateEventFlag
I_DeleteEventFlag
I_SetEventFlag
I_iSetEventFlag
I_WaitEventFlag
thevent_IMPORTS_end

ioman_IMPORTS_start
I_open
I_close
I_read
ioman_IMPORTS_end
