loadcore_IMPORTS_start
I_FlushDcache
I_RegisterLibraryEntries
loadcore_IMPORTS_end

sifcmd_IMPORTS_start
I_sceSifBindRpc
I_sceSifCallRpc
sifcmd_IMPORTS_end

stdio_IMPORTS_start
I_printf
//I_fdprintf
stdio_IMPORTS_end

sysclib_IMPORTS_start
I_memset
I_strlen
I_prnt
//I_vsprintf broken !!!
I_look_ctype_table
sysclib_IMPORTS_end

thevent_IMPORTS_start
I_CreateEventFlag
I_WaitEventFlag
I_SetEventFlag
I_iSetEventFlag
thevent_IMPORTS_end

thsemap_IMPORTS_start
I_CreateSema
I_DeleteSema
I_SignalSema
I_WaitSema
thsemap_IMPORTS_end

thbase_IMPORTS_start
I_CreateThread
I_StartThread
I_DelayThread
thbase_IMPORTS_end

ioman_IMPORTS_start
I_open
I_write
I_close
I_AddDrv
I_DelDrv
ioman_IMPORTS_end

sysmem_IMPORTS_start
I_KprintfSet
//I_Kprintf
sysmem_IMPORTS_end

intrman_IMPORTS_start
I_QueryIntrContext
I_CpuInvokeInKmode
intrman_IMPORTS_end
