stdio_IMPORTS_start
I_printf
stdio_IMPORTS_end

libsd_IMPORTS_start
I_sceSdInit
I_sceSdSetIRQCallback 
I_sceSdSetTransCallback
I_sceSdSetParam
I_sceSdGetParam
I_sceSdSetCoreAttr
I_sceSdGetCoreAttr
I_sceSdClearEffectWorkArea
I_sceSdSetAddr
I_sceSdGetAddr
I_sceSdSetSwitch
I_sceSdGetSwitch
I_sceSdNote2Pitch
I_sceSdPitch2Note
I_sceSdSetEffectAttr
I_sceSdGetEffectAttr
I_sceSdProcBatch
I_sceSdProcBatchEx
I_sceSdVoiceTrans
I_sceSdBlockTrans
I_sceSdVoiceTransStatus
I_sceSdBlockTransStatus
I_sceSdSetTransIntrHandler
I_sceSdSetSpu2IntrHandler
libsd_IMPORTS_end

sifcmd_IMPORTS_start
I_sceSifSetRpcQueue
I_sceSifRegisterRpc
I_sceSifRpcLoop
I_sceSifInitRpc
sifcmd_IMPORTS_end

intrman_IMPORTS_start
I_RegisterIntrHandler
I_ReleaseIntrHandler
I_EnableIntr
I_DisableIntr
I_CpuDisableIntr
I_CpuEnableIntr
I_CpuSuspendIntr
I_CpuResumeIntr
I_QueryIntrContext
intrman_IMPORTS_end

thbase_IMPORTS
loadcore_IMPORTS

sysmem_IMPORTS_start
I_AllocSysMemory
I_FreeSysMemory
I_QueryMaxFreeMemSize
sysmem_IMPORTS_end

ioman_IMPORTS_start
I_open
I_close
I_read
I_write
I_lseek
ioman_IMPORTS_end

thsemap_IMPORTS_start
I_CreateSema
I_DeleteSema
I_SignalSema
I_iSignalSema
I_WaitSema
I_PollSema
thsemap_IMPORTS_end
