
iomanX_IMPORTS_start
I_AddDrv
I_DelDrv
I_open
I_close
I_read
iomanX_IMPORTS_end

pvrdrv_IMPORTS_start
I_DvrdrvUnregisterIntrHandler
I_DvrdrvExecCmdAck
I_DvrdrvExecCmdAckDmaSendComp
pvrdrv_IMPORTS_end

stdio_IMPORTS_start
I_printf
stdio_IMPORTS_end

sysmem_IMPORTS_start
I_Kprintf
sysmem_IMPORTS_end

thbase_IMPORTS_start
I_iWakeupThread
thbase_IMPORTS_end

thsemap_IMPORTS_start
I_CreateSema
I_DeleteSema
I_SignalSema
I_WaitSema
thsemap_IMPORTS_end

timrman_IMPORTS_start
I_AllocHardTimer
I_FreeHardTimer
I_GetTimerCounter
#if 0
I_SetupHardTimer
I_StartHardTimer
I_StopHardTimer
#endif
timrman_IMPORTS_end
