
intrman_IMPORTS_start
I_RegisterIntrHandler
I_ReleaseIntrHandler
I_EnableIntr
I_DisableIntr
I_CpuDisableIntr
I_CpuEnableIntr
I_CpuSuspendIntr
I_CpuResumeIntr
intrman_IMPORTS_end

thbase_IMPORTS_start
I_CreateThread
I_SleepThread
I_WakeupThread
I_iWakeupThread
I_DeleteThread
I_StartThread
I_ExitDeleteThread
I_TerminateThread
I_GetThreadId
thbase_IMPORTS_end

sysmem_IMPORTS_start
I_AllocSysMemory
I_FreeSysMemory
I_QueryTotalFreeMemSize
sysmem_IMPORTS_end

sysclib_IMPORTS_start
I_memset
I_memcpy
I_strcpy
I_strlen
sysclib_IMPORTS_end

sifcmd_IMPORTS_start
I_sceSifInitRpc
I_sceSifRegisterRpc
I_sceSifSetRpcQueue
I_sceSifRpcLoop
I_sceSifSendCmd
sifcmd_IMPORTS_end

loadcore_IMPORTS_start
I_RegisterLibraryEntries
I_FlushDcache
loadcore_IMPORTS_end

thsemap_IMPORTS_start
I_CreateSema
I_DeleteSema
I_SignalSema
I_iSignalSema
I_WaitSema
thsemap_IMPORTS_end

stdio_IMPORTS_start
I_printf
stdio_IMPORTS_end

libsd_IMPORTS_start
I_sceSdInit
I_sceSdSetTransCallback
I_sceSdSetParam
I_sceSdSetCoreAttr
I_sceSdBlockTrans
I_sceSdBlockTransStatus
libsd_IMPORTS_end

cdvdman_IMPORTS_start
I_sceCdInit
I_sceCdRead
I_sceCdReadCdda
I_sceCdGetError
I_sceCdGetToc
I_sceCdSync
I_sceCdGetDiskType
I_sceCdDiskReady
I_sceCdTrayReq
I_sceCdPosToInt
I_sceCdIntToPos
I_sceCdStatus
I_sceCdMmode
cdvdman_IMPORTS_end
