bdm_IMPORTS_start
I_bdm_connect_bd
I_bdm_disconnect_bd
bdm_IMPORTS_end

dmacman_IMPORTS_start
I_sceSetSliceDMA
I_sceStartDMA
I_sceSetDMAPriority
I_sceEnableDMAChannel
//I_sceDisableDMAChannel
dmacman_IMPORTS_end

intrman_IMPORTS_start
I_DisableIntr
I_EnableIntr
I_RegisterIntrHandler
I_CpuSuspendIntr
I_CpuResumeIntr
intrman_IMPORTS_end

loadcore_IMPORTS_start
I_GetLoadcoreInternalData
loadcore_IMPORTS_end

#ifndef MINI_DRIVER
stdio_IMPORTS_start
I_printf
stdio_IMPORTS_end
#endif

sysclib_IMPORTS_start
I_strcmp
stdio_IMPORTS_end

thbase_IMPORTS_start
I_CreateThread
I_StartThread
I_DeleteThread
I_DelayThread
thbase_IMPORTS_end

thevent_IMPORTS_start
I_CreateEventFlag
I_DeleteEventFlag
//I_SetEventFlag
I_iSetEventFlag
I_ClearEventFlag
I_WaitEventFlag
thevent_IMPORTS_end

thsemap_IMPORTS_start
I_CreateSema
I_WaitSema
I_SignalSema
I_DeleteSema
thsemap_IMPORTS_end
