
loadcore_IMPORTS_start
I_FlushDcache
I_QueryBootMode
loadcore_IMPORTS_end

intrman_IMPORTS_start
I_CpuEnableIntr
intrman_IMPORTS_end

stdio_IMPORTS_start
I_printf
stdio_IMPORTS_end

sifman_IMPORTS_start
I_sceSifInit
I_sceSifSetMSFlag
I_sceSifCheckInit
sifman_IMPORTS_end

sifcmd_IMPORTS_start
I_sceSifInitCmd
I_sceSifAddCmdHandler
sifcmd_IMPORTS_end

modload_IMPORTS_start
I_ReBootStart
modload_IMPORTS_end

thbase_IMPORTS_start
I_CreateThread
I_StartThread
I_GetSystemStatusFlag
thbase_IMPORTS_end

thevent_IMPORTS_start
I_iSetEventFlag
I_WaitEventFlag
thevent_IMPORTS_end
