
intrman_IMPORTS_start
I_RegisterIntrHandler
I_ReleaseIntrHandler
I_EnableIntr
I_DisableIntr
I_CpuSuspendIntr
I_CpuResumeIntr
I_QueryIntrContext
intrman_IMPORTS_end

loadcore_IMPORTS_start
I_FlushDcache
I_RegisterLibraryEntries
loadcore_IMPORTS_end

sifman_IMPORTS_start
I_sceSifSetDma
I_sceSifDmaStat
sifman_IMPORTS_end

sysclib_IMPORTS_start
I_bzero
I_memset
I_memcpy
sysclib_IMPORTS_end

thevent_IMPORTS_start
I_CreateEventFlag
I_DeleteEventFlag
I_SetEventFlag
I_iSetEventFlag
I_ClearEventFlag
I_iClearEventFlag
I_WaitEventFlag
thevent_IMPORTS_end
