atad_IMPORTS_start
I_sceAtaInit
I_sceAtaDmaTransfer
I_sceAtaFlushCache
I_sceAtaSecurityUnLock
atad_IMPORTS_end

cdvdman_IMPORTS_start
I_sceCdReadClock
I_sceCdRI
cdvdman_IMPORTS_end

iomanX_IMPORTS_start
I_iomanX_AddDrv
I_iomanX_DelDrv
iomanX_IMPORTS_end

intrman_IMPORTS_start
I_CpuSuspendIntr
I_CpuResumeIntr
intrman_IMPORTS_end

stdio_IMPORTS_start
I_printf
stdio_IMPORTS_end

sysclib_IMPORTS_start
I_memcmp
I_memcpy
I_memset
I_strcmp
I_strcpy
I_strncmp
I_strncpy
sysclib_IMPORTS_end

sysmem_IMPORTS_start
I_AllocSysMemory
I_FreeSysMemory
sysmem_IMPORTS_end

thbase_IMPORTS_start
I_DelayThread
thbase_IMPORTS_end
