
thbase_IMPORTS_start
I_CreateThread
I_StartThread
I_GetThreadId
thbase_IMPORTS_end

stdio_IMPORTS_start
I_printf
stdio_IMPORTS_end

sysclib_IMPORTS_start
I_memcpy
I_memset
sysclib_IMPORTS_end

sysmem_IMPORTS_start
I_AllocSysMemory
sysmem_IMPORTS_end

intrman_IMPORTS_start
I_CpuSuspendIntr
I_CpuResumeIntr
intrman_IMPORTS_end

sifcmd_IMPORTS_start
I_sceSifInitRpc
I_sceSifSetRpcQueue
I_sceSifRegisterRpc
I_sceSifRpcLoop
I_sceSifGetOtherData
sifcmd_IMPORTS_end

sifman_IMPORTS_start
I_sceSifDmaStat
I_sceSifSetDma
sifman_IMPORTS_end

ps2ip_IMPORTS_start
I_lwip_accept
I_lwip_bind
I_lwip_close
I_lwip_connect
I_lwip_getpeername
I_lwip_getsockname
I_lwip_getsockopt
I_lwip_setsockopt
I_lwip_listen
I_lwip_recv
I_lwip_recvfrom
I_lwip_send
I_lwip_sendto
I_lwip_socket
I_lwip_select
I_lwip_ioctl
I_ps2ip_getconfig
I_ps2ip_setconfig
ps2ip_IMPORTS_end

dns_IMPORTS_start
I_gethostbyname
dns_IMPORTS_end