
sysmem_IMPORTS_start
I_QueryMaxFreeMemSize
I_QueryTotalFreeMemSize
I_Kprintf
sysmem_IMPORTS_end

intrman_IMPORTS_start
I_EnableIntr
I_DisableIntr
I_CpuSuspendIntr
I_CpuResumeIntr
intrman_IMPORTS_end

stdio_IMPORTS_start
I_printf
I_fdprintf
I_fdgetc
I_fdgets
stdio_IMPORTS_end

sysclib_IMPORTS_start
I_toupper
I_look_ctype_table
I_strcmp
I_strcpy
I_strlen
I_strncmp
I_strncpy
I_strtol
sysclib_IMPORTS_end

thbase_IMPORTS_start
I_GetThreadmanData
I_CreateThread
I_StartThread
I_GetThreadId
I_ReferThreadStatus
I_DelayThread
I_GetSystemTime
I_SysClock2USec
thbase_IMPORTS_end

thevent_IMPORTS_start
I_ReferEventFlagStatus
thevent_IMPORTS_end

thsemap_IMPORTS_start
I_ReferSemaStatus
thsemap_IMPORTS_end

thmsgbx_IMPORTS_start
I_ReferMbxStatus
thmsgbx_IMPORTS_end

thfpool_IMPORTS_start
I_ReferFplStatus
thfpool_IMPORTS_end

thvpool_IMPORTS_start
I_ReferVplStatus
thvpool_IMPORTS_end

loadcore_IMPORTS_start
I_GetLoadcoreInternalData
loadcore_IMPORTS_end

ioman_IMPORTS_start
I_open
ioman_IMPORTS_end
