
netcnf_IMPORTS_start
I_sceNetCnfGetCount
I_sceNetCnfGetList
I_sceNetCnfLoadEntry
I_sceNetCnfAddEntry
I_sceNetCnfDeleteEntry
I_sceNetCnfSetLatestEntry
I_sceNetCnfAllocMem
I_sceNetCnfInitIFC
I_sceNetCnfName2Address
I_sceNetCnfAddress2String
I_sceNetCnfEditEntry
I_sceNetCnfDeleteAll
I_sceNetCnfCheckCapacity
I_sceNetCnfConvA2S
I_sceNetCnfConvS2A
I_sceNetCnfCheckSpecialProvider
I_sceNetCnfSetCallback
netcnf_IMPORTS_end

intrman_IMPORTS_start
I_CpuSuspendIntr
I_CpuResumeIntr
intrman_IMPORTS_end

loadcore_IMPORTS_start
I_RegisterLibraryEntries
I_ReleaseLibraryEntries
loadcore_IMPORTS_end

sifcmd_IMPORTS_start
I_sceSifInitRpc
I_sceSifBindRpc
I_sceSifCallRpc
I_sceSifRegisterRpc
I_sceSifCheckStatRpc
I_sceSifSetRpcQueue
I_sceSifRpcLoop
I_sceSifRemoveRpc
I_sceSifRemoveRpcQueue
sifcmd_IMPORTS_end

sifman_IMPORTS_start
I_sceSifSetDma
I_sceSifDmaStat
sifman_IMPORTS_end

stdio_IMPORTS_start
I_printf
stdio_IMPORTS_end

sysclib_IMPORTS_start
I_look_ctype_table
I_memcpy
I_memset
I_strcat
I_strcmp
I_strcpy
I_strlen
I_strncmp
I_strtol
sysclib_IMPORTS_end

thbase_IMPORTS_start
I_CreateThread
I_DeleteThread
I_StartThread
I_TerminateThread
I_GetThreadId
thbase_IMPORTS_end

heaplib_IMPORTS_start
I_CreateHeap
I_DeleteHeap
I_AllocHeapMemory
I_FreeHeapMemory
heaplib_IMPORTS_end
