
loadcore_IMPORTS_start
I_RegisterLibraryEntries
loadcore_IMPORTS_end

intrman_IMPORTS_start
I_RegisterIntrHandler
I_ReleaseIntrHandler
I_EnableIntr
I_DisableIntr
I_CpuSuspendIntr
I_CpuResumeIntr
intrman_IMPORTS_end

dmacman_IMPORTS_start
I_sceSetSliceDMA
I_sceStartDMA
I_sceSetDMAPriority
I_sceEnableDMAChannel
I_sceDisableDMAChannel
dmacman_IMPORTS_end

thsemap_IMPORTS_start
I_CreateSema
I_DeleteSema
I_SignalSema
I_iSignalSema
I_WaitSema
thsemap_IMPORTS_end

#ifdef SIO2LOG
stdio_IMPORTS_start
I_printf
stdio_IMPORTS_end

ioman_IMPORTS_start
I_open
I_write
I_close
ioman_IMPORTS_end
#endif
