
loadcore_IMPORTS_start
I_RegisterLibraryEntries
loadcore_IMPORTS_end

stdio_IMPORTS_start
I_printf
stdio_IMPORTS_end

thbase_IMPORTS_start
I_CreateThread
I_StartThread
I_ExitThread
I_GetThreadId
thbase_IMPORTS_end

thevent_IMPORTS_start
I_CreateEventFlag
I_SetEventFlag
I_WaitEventFlag
thevent_IMPORTS_end

sifman_IMPORTS_start
I_sceSifInit
I_sceSifCheckInit
sifman_IMPORTS_end

sifcmd_IMPORTS_start
I_sceSifInitRpc
I_sceSifRegisterRpc
I_sceSifSetRpcQueue
I_sceSifRpcLoop
sifcmd_IMPORTS_end

#ifndef SIO2MAN_V2
xsio2man_IMPORTS_start
#else
rsio2man_IMPORTS_start
#endif
I_sio2_mtap_transfer_init
I_sio2_transfer2
I_sio2_transfer_reset2
I_sio2_mtap_change_slot_set
I_sio2_mtap_get_slot_max_set
I_sio2_mtap_get_slot_max2_set
I_sio2_mtap_update_slots_set
#ifndef SIO2MAN_V2
xsio2man_IMPORTS_end
#else
rsio2man_IMPORTS_end
#endif
