sysmem_IMPORTS_start
I_AllocSysMemory
I_FreeSysMemory
I_QueryBlockTopAddress
I_QueryBlockSize
I_Kprintf
sysmem_IMPORTS_end

intrman_IMPORTS_start
I_RegisterIntrHandler
I_EnableIntr
I_CpuDisableIntr
I_CpuEnableIntr
I_CpuInvokeInKmode
I_CpuSuspendIntr
I_CpuResumeIntr
I_QueryIntrContext
I_SetNewCtxCb
I_SetShouldPreemptCb
intrman_IMPORTS_end

stdio_IMPORTS_start
I_printf
stdio_IMPORTS_end

sysclib_IMPORTS_start
I_memcpy
I_memset
sysclib_IMPORTS_end

timrman_IMPORTS_start
I_AllocHardTimer
I_SetTimerMode
I_GetTimerStatus
I_SetTimerCounter
I_GetTimerCounter
I_SetTimerCompare
I_GetHardTimerIntrCode
I_GetTimerReadFunc
timrman_IMPORTS_end

heaplib_IMPORTS_start
I_CreateHeap
I_DeleteHeap
I_AllocHeapMemory
I_FreeHeapMemory
I_HeapTotalFreeSize
heaplib_IMPORTS_end

loadcore_IMPORTS_start
I_RegisterLibraryEntries
I_RegisterNonAutoLinkEntries
I_QueryBootMode
I_RegisterPostBootCallback
I_FindImageInfo
loadcore_IMPORTS_end
