bdm_IMPORTS_start
I_bdm_connect_bd
I_bdm_disconnect_bd
bdm_IMPORTS_end

iLinkman_IMPORTS_start
I_iLinkEnableSBus
I_iLinkResetSBus
I_iLinkSetNodeCapabilities
I_iLinkSetTrCallbackHandler
I_iLinkGetGenerationNumber
I_iLinkGetLocalNodeID
I_iLinkGetNodeCount
I_iLinkTrAlloc
I_iLinkTrFree
I_iLinkTrWrite
I_iLinkTrRead
I_iLinkGetNodeMaxSpeed
I_iLinkGetNodeTrSpeed
I_iLinkSetNodeTrSpeed
I_iLinkFindUnit
I_iLinkReadCROM
iLinkman_IMPORTS_end

intrman_IMPORTS_start
I_CpuSuspendIntr
I_CpuResumeIntr
intrman_IMPORTS_end

#ifndef MINI_DRIVER
stdio_IMPORTS_start
I_printf
stdio_IMPORTS_end
#endif

sysclib_IMPORTS_start
I_memset
sysclib_IMPORTS_end

sysmem_IMPORTS_start
I_AllocSysMemory
I_FreeSysMemory
sysmem_IMPORTS_end

thbase_IMPORTS_start
I_CreateThread
I_StartThread
I_DelayThread
I_GetSystemTime
I_SysClock2USec
I_USec2SysClock
I_SetAlarm
I_CancelAlarm
I_TerminateThread
I_DeleteThread
thbase_IMPORTS_end

thevent_IMPORTS_start
I_CreateEventFlag
I_ClearEventFlag
I_SetEventFlag
I_iSetEventFlag
I_WaitEventFlag
I_DeleteEventFlag
thevent_IMPORTS_end
