
accdvd_IMPORTS_start
I_cdc_module_start
I_cdc_module_status
I_cdc_module_stop
I_cdc_getfno
I_cdc_error
I_cdc_lookup
I_cdc_medium
I_cdc_readtoc
I_cdc_ready
I_cdc_sync
I_cdc_pause
I_cdc_standby
I_cdc_stat
I_cdc_stop
I_cdc_tray
I_cdc_seek
I_cdc_read
I_cdc_getpos
I_cdc_inits
I_cdc_seeks
I_cdc_reads
I_cdc_starts
I_cdc_stats
I_cdc_stops
I_cdc_pauses
I_cdc_resumes
accdvd_IMPORTS_end

acmem_IMPORTS_start
I_acMemSetup
I_acMemSend
I_acMemReceive
I_acMemWait
acmem_IMPORTS_end

acram_IMPORTS_start
I_acRamSetup
I_acRamWrite
acram_IMPORTS_end

cdvdman_IMPORTS_start
I_sceCdReadClock
cdvdman_IMPORTS_end

intrman_IMPORTS_start
I_CpuSuspendIntr
I_CpuResumeIntr
intrman_IMPORTS_end

loadcore_IMPORTS_start
I_RegisterLibraryEntries
loadcore_IMPORTS_end

sifcmd_IMPORTS_start
I_sceSifRegisterRpc
I_sceSifSetRpcQueue
I_sceSifGetNextRequest
I_sceSifExecRequest
sifcmd_IMPORTS_end

stdio_IMPORTS_start
I_printf
stdio_IMPORTS_end

sysclib_IMPORTS_start
I_memset
I_strtol
sysclib_IMPORTS_end

thbase_IMPORTS_start
I_CreateThread
I_DeleteThread
I_StartThread
I_ExitThread
I_GetThreadId
I_SleepThread
I_WakeupThread
I_DelayThread
thbase_IMPORTS_end
