
libsd_IMPORTS_start
I_sceSdInit
I_sceSdSetParam
I_sceSdGetParam
I_sceSdSetSwitch
I_sceSdGetSwitch
I_sceSdSetAddr
I_sceSdGetAddr
I_sceSdSetCoreAttr
I_sceSdGetCoreAttr
I_sceSdNote2Pitch
I_sceSdPitch2Note
I_sceSdProcBatch
I_sceSdProcBatchEx
I_sceSdVoiceTrans
I_sceSdBlockTrans
I_sceSdVoiceTransStatus
I_sceSdBlockTransStatus
I_sceSdSetEffectAttr
I_sceSdGetEffectAttr
I_sceSdClearEffectWorkArea
I_sceSdSetTransIntrHandler
I_sceSdSetSpu2IntrHandler
I_sceSdStopTrans
I_sceSdCleanEffectWorkArea
I_sceSdSetEffectMode
I_sceSdSetEffectModeParams
I_sceSdSetIRQCallback
I_sceSdSetTransCallback
libsd_IMPORTS_end

sysmem_IMPORTS_start
I_Kprintf
sysmem_IMPORTS_end

intrman_IMPORTS_start
I_CpuSuspendIntr
I_CpuResumeIntr
intrman_IMPORTS_end

loadcore_IMPORTS_start
I_RegisterLibraryEntries
I_ReleaseLibraryEntries
loadcore_IMPORTS_end

sifcmd_IMPORTS_start
I_sceSifInitRpc
I_sceSifBindRpc
I_sceSifCallRpc
I_sceSifRegisterRpc
I_sceSifSetRpcQueue
I_sceSifRpcLoop
I_sceSifRemoveRpc
I_sceSifRemoveRpcQueue
sifcmd_IMPORTS_end

sysclib_IMPORTS_start
I_look_ctype_table
I_strncmp
I_strtol
I_memset
I_memcpy
sysclib_IMPORTS_end

thbase_IMPORTS_start
I_CreateThread
I_DeleteThread
I_StartThread
I_TerminateThread
I_ChangeThreadPriority
I_GetThreadId
I_ReferThreadStatus
I_SleepThread
I_iWakeupThread
I_iCancelWakeupThread
thbase_IMPORTS_end
