
sysmem_IMPORTS_start
I_AllocSysMemory
I_FreeSysMemory
sysmem_IMPORTS_end

loadcore_IMPORTS_start
I_RegisterLibraryEntries
I_ReleaseLibraryEntries
loadcore_IMPORTS_end

intrman_IMPORTS_start
I_CpuSuspendIntr
I_CpuResumeIntr
intrman_IMPORTS_end

stdio_IMPORTS_start
I_printf
stdio_IMPORTS_end

thbase_IMPORTS_start
I_CreateThread
I_DeleteThread
I_StartThread
I_TerminateThread
I_ChangeThreadPriority
thbase_IMPORTS_end

thevent_IMPORTS_start
I_CreateEventFlag
I_DeleteEventFlag
I_SetEventFlag
I_WaitEventFlag
thevent_IMPORTS_end

sysclib_IMPORTS_start
I_strcmp
I_strcpy
I_strlen
I_strtol
I_memcpy
sysclib_IMPORTS_end

xmodload_IMPORTS_start
I_LoadStartModule
I_ReferModuleStatus
I_StopModule
I_UnloadModule
xmodload_IMPORTS_end

ioman_IMPORTS_start
I_open
I_close
I_read
ioman_IMPORTS_end

usbd_IMPORTS_start
I_sceUsbdScanStaticDescriptor
I_sceUsbdRegisterAutoloader
I_sceUsbdUnregisterAutoloader
usbd_IMPORTS_end
