
sysmem_IMPORTS_start
I_AllocSysMemory
I_FreeSysMemory
sysmem_IMPORTS_end

sysclib_IMPORTS_start
I_memset
I_strncpy
sysclib_IMPORTS_end

stdio_IMPORTS_start
I_printf
stdio_IMPORTS_end

thbase_IMPORTS_start
I_CreateThread
I_StartThread
I_SleepThread
I_GetThreadId
thbase_IMPORTS_end

intrman_IMPORTS_start
I_CpuSuspendIntr
I_CpuResumeIntr
intrman_IMPORTS_end

iomanX_IMPORTS_start
I_iomanX_GetDeviceList
I_iomanX_format
I_iomanX_open
I_iomanX_close
I_iomanX_read
I_iomanX_write
I_iomanX_lseek
I_iomanX_ioctl
I_iomanX_ioctl2
I_iomanX_remove
I_iomanX_mkdir
I_iomanX_rmdir
I_iomanX_dopen
I_iomanX_dclose
I_iomanX_dread
I_iomanX_getstat
I_iomanX_chstat
I_iomanX_rename
I_iomanX_chdir
I_iomanX_sync
I_iomanX_mount
I_iomanX_umount
I_iomanX_lseek64
I_iomanX_devctl
I_iomanX_AddDrv
I_iomanX_DelDrv
I_iomanX_symlink
I_iomanX_readlink
iomanX_IMPORTS_end

sifman_IMPORTS_start
I_sceSifInit
I_sceSifSetDma
I_sceSifDmaStat
sifman_IMPORTS_end

sifcmd_IMPORTS_start
I_sceSifInitRpc
I_sceSifGetOtherData
I_sceSifSetRpcQueue
I_sceSifRegisterRpc
I_sceSifRpcLoop
sifcmd_IMPORTS_end
