cdvdman_IMPORTS_start
I_sceCdReadClock
cdvdman_IMPORTS_end

iomanX_IMPORTS_start
I_iomanX_AddDrv
I_iomanX_DelDrv
I_iomanX_open
I_iomanX_close
#ifndef FSCK100
I_iomanX_read
I_iomanX_write
I_iomanX_lseek
#endif
I_iomanX_getstat
I_iomanX_remove
I_iomanX_ioctl2
iomanX_IMPORTS_end

intrman_IMPORTS_start
I_CpuSuspendIntr
I_CpuResumeIntr
intrman_IMPORTS_end

stdio_IMPORTS_start
I_printf
I_putchar
I_gets
stdio_IMPORTS_end

sysclib_IMPORTS_start
I_memset
I_memcpy
I_strcpy
I_strncpy
I_strcmp
I_strncmp
I_strchr
I_strtol
I_sprintf
I_look_ctype_table
sysclib_IMPORTS_end

sysmem_IMPORTS_start
I_AllocSysMemory
I_FreeSysMemory
sysmem_IMPORTS_end

thbase_IMPORTS_start
I_CreateThread
I_StartThread
I_DelayThread
I_SysClock2USec
I_GetSystemTime
thbase_IMPORTS_end

thevent_IMPORTS_start
I_CreateEventFlag
I_WaitEventFlag
I_PollEventFlag
I_SetEventFlag
thevent_IMPORTS_end
