bdm_IMPORTS_start
I_bdm_connect_bd
I_bdm_disconnect_bd
bdm_IMPORTS_end

#ifndef MINI_DRIVER
stdio_IMPORTS_start
I_printf
stdio_IMPORTS_end
#endif

sysclib_IMPORTS_start
I_memset
I_memcpy
sysclib_IMPORTS_end

thbase_IMPORTS_start
I_CreateThread
I_StartThread
I_DeleteThread
I_DelayThread
thbase_IMPORTS_end

thsemap_IMPORTS_start
I_CreateSema
I_SignalSema
I_WaitSema
I_DeleteSema
thsemap_IMPORTS_end

usbd_IMPORTS_start
I_sceUsbdScanStaticDescriptor
I_sceUsbdOpenPipe
I_sceUsbdOpenPipeAligned
I_sceUsbdClosePipe
I_sceUsbdSetPrivateData
I_sceUsbdTransferPipe
I_sceUsbdRegisterLdd
usbd_IMPORTS_end
