
acata_IMPORTS_start
I_acAtaModuleStart
I_acAtaModuleStatus
I_acAtaModuleStop
I_acAtaSetup
I_acAtaRequest
I_acAtaReply
I_acAtapiSetup
I_acAtapiRequest
I_acAtapiStatus
acata_IMPORTS_end

sysmem_IMPORTS_start
I_AllocSysMemory
I_FreeSysMemory
sysmem_IMPORTS_end

intrman_IMPORTS_start
I_CpuSuspendIntr
I_CpuResumeIntr
intrman_IMPORTS_end

ioman_IMPORTS_start
I_AddDrv
I_DelDrv
ioman_IMPORTS_end

loadcore_IMPORTS_start
I_FlushDcache
I_RegisterLibraryEntries
loadcore_IMPORTS_end

stdio_IMPORTS_start
I_printf
stdio_IMPORTS_end

sysclib_IMPORTS_start
I_memcpy
I_memset
I_strlen
I_strncmp
sysclib_IMPORTS_end

thbase_IMPORTS_start
I_GetThreadId
I_SleepThread
I_WakeupThread
I_DelayThread
I_GetSystemTime
I_SysClock2USec
thbase_IMPORTS_end

thevent_IMPORTS_start
I_CreateEventFlag
I_DeleteEventFlag
I_SetEventFlag
I_ClearEventFlag
I_WaitEventFlag
thevent_IMPORTS_end

thsemap_IMPORTS_start
I_CreateSema
I_DeleteSema
I_SignalSema
I_WaitSema
thsemap_IMPORTS_end
