loadcore_IMPORTS_start
I_RegisterLibraryEntries
I_ReleaseLibraryEntries
I_FlushIcache
I_FlushDcache
loadcore_IMPORTS_end

stdio_IMPORTS_start
I_printf
stdio_IMPORTS_end

sysclib_IMPORTS_start
I_memcpy
I_strlen
sysclib_IMPORTS_end

intrman_IMPORTS_start
I_RegisterIntrHandler
I_ReleaseIntrHandler
I_EnableIntr
I_DisableIntr
I_CpuSuspendIntr
I_CpuResumeIntr
I_CpuEnableIntr
intrman_IMPORTS_end

thbase_IMPORTS_start
I_DelayThread
I_CreateThread
I_StartThread
I_iWakeupThread
I_SleepThread
thbase_IMPORTS_end
