
sysmem_IMPORTS_start
I_AllocSysMemory
I_FreeSysMemory
I_Kprintf
sysmem_IMPORTS_end

intrman_IMPORTS_start
I_RegisterIntrHandler
I_ReleaseIntrHandler
I_EnableIntr
I_DisableIntr
I_CpuSuspendIntr
I_CpuResumeIntr
intrman_IMPORTS_end

loadcore_IMPORTS_start
I_RegisterLibraryEntries
loadcore_IMPORTS_end

stdio_IMPORTS_start
I_printf
stdio_IMPORTS_end

sysclib_IMPORTS_start
I_memcpy
I_memset
I_strcat
I_strcmp
I_strcpy
I_strncmp
I_strncpy
I_vsprintf
sysclib_IMPORTS_end

thbase_IMPORTS_start
I_GetThreadId
I_SleepThread
I_iWakeupThread
I_DelayThread
thbase_IMPORTS_end

thsemap_IMPORTS_start
I_CreateSema
I_SignalSema
I_WaitSema
thsemap_IMPORTS_end

dmacman_IMPORTS_start
I_sceSetSliceDMA
I_sceStartDMA
I_sceSetDMAPriority
I_sceEnableDMAChannel
I_sceDisableDMAChannel
dmacman_IMPORTS_end

acdev_IMPORTS_start
I_SetAcMemDelayReg
I_SetAcIoDelayReg
acdev_IMPORTS_end

s147mdev_IMPORTS_start
I_s147mdev_4_addfs
I_s147mdev_5_delfs
s147mdev_IMPORTS_end
