
s147nand_IMPORTS_start
I_s147nand_6_checkformat
I_s147nand_7_multi_read_dma
I_s147nand_8_multi_write_dma
I_s147nand_9_get_nand_partition
I_s147nand_10_get_nand_partition_size
I_s147nand_11_erasetranslatepageoffs
I_s147nand_12_load_logaddrtable
I_s147nand_13_translate_blockoffs
I_s147nand_16_getnandinfo
I_s147nand_22_nand_write_dma
I_s147nand_24_eraseoffset
I_s147nand_25_nand_blockerase
I_s147nand_26_nand_readid
I_s147nand_27_blocks2pages
I_s147nand_28_pages2blocks
I_s147nand_29_pages2blockround
I_s147nand_30_bytes2pagesnoeccround
s147nand_IMPORTS_end

sysmem_IMPORTS_start
I_AllocSysMemory
I_FreeSysMemory
I_Kprintf
sysmem_IMPORTS_end

intrman_IMPORTS_start
I_CpuSuspendIntr
I_CpuResumeIntr
intrman_IMPORTS_end

ioman_IMPORTS_start
I_open
I_close
I_read
I_lseek
ioman_IMPORTS_end

sysclib_IMPORTS_start
I_memset
I_sprintf
I_strcat
I_strcmp
I_strcpy
I_strncmp
I_strncpy
I_strtol
I_vsprintf
sysclib_IMPORTS_end

thbase_IMPORTS_start
I_CreateThread
I_StartThread
I_ExitThread
I_DelayThread
thbase_IMPORTS_end
