
sysmem_IMPORTS_start
I_Kprintf
sysmem_IMPORTS_end

loadcore_IMPORTS_start
I_RegisterLibraryEntries
I_ReleaseLibraryEntries
loadcore_IMPORTS_end

intrman_IMPORTS_start
I_CpuSuspendIntr
I_CpuResumeIntr
I_QueryIntrContext
intrman_IMPORTS_end

stdio_IMPORTS_start
I_printf
stdio_IMPORTS_end

thbase_IMPORTS_start
I_DelayThread
I_iSetAlarm
I_CancelAlarm
I_iCancelAlarm
thbase_IMPORTS_end

thevent_IMPORTS_start
I_SetEventFlag
I_iSetEventFlag
I_ClearEventFlag
I_iClearEventFlag
I_WaitEventFlag
thevent_IMPORTS_end

thsemap_IMPORTS_start
I_CreateSema
I_DeleteSema
I_SignalSema
I_WaitSema
thsemap_IMPORTS_end

sifman_IMPORTS_start
I_sceSifSetDma
I_sceSifDmaStat
sifman_IMPORTS_end

iomanX_IMPORTS_start
I_AddDrv
I_DelDrv
iomanX_IMPORTS_end

cdvdman_IMPORTS_start
I_sceCdSync
I_sceCdGetDiskType
I_sceCdBreak
I_sceCdReadCDDA
I_sceCdNop
I_sceCdstm0Cb
I_sceCdstm1Cb
I_sceCdSC
I_sceCdStStop
I_sceCdRE
cdvdman_IMPORTS_end

sysclib_IMPORTS_start
I_memset
sysclib_IMPORTS_end
